#! /c/Source/iverilog-install/bin/vvp
:ivl_version "12.0 (devel)" "(s20150603-1110-g18392a46)";
:ivl_delay_selection "TYPICAL";
:vpi_time_precision + 0;
:vpi_module "C:\iverilog\lib\ivl\system.vpi";
:vpi_module "C:\iverilog\lib\ivl\vhdl_sys.vpi";
:vpi_module "C:\iverilog\lib\ivl\vhdl_textio.vpi";
:vpi_module "C:\iverilog\lib\ivl\v2005_math.vpi";
:vpi_module "C:\iverilog\lib\ivl\va_math.vpi";
S_000001cdb9706c30 .scope module, "hello" "hello" 2 1;
 .timescale 0 0;
    .port_info 0 /INPUT 1 "A";
    .port_info 1 /OUTPUT 1 "B";
o000001cdb95e6498 .functor BUFZ 1, C4<z>; HiZ drive
L_000001cdb97073e0 .functor BUFZ 1, o000001cdb95e6498, C4<0>, C4<0>, C4<0>;
v000001cdb9706dc0_0 .net "A", 0 0, o000001cdb95e6498;  0 drivers
v000001cdb9706e60_0 .net "B", 0 0, L_000001cdb97073e0;  1 drivers
# The file index is used to find the file name in the following table.
:file_names 3;
    "N/A";
    "<interactive>";
    "hello.v";
